This is pdfTeX, Version 3.141592653-2.6-1.40.22 (TeX Live 2022/dev/Debian) (preloaded format=latex 2024.5.8)  8 MAY 2024 22:20
entering extended mode
 restricted \write18 enabled.
 %&-line parsing enabled.
**media/Tex/c069c494e91ccece.tex
(./media/Tex/c069c494e91ccece.tex
LaTeX2e <2021-11-15> patch level 1
L3 programming layer <2022-01-21>

! LaTeX Error: File `standalone.cls' not found.

Type X to quit or <RETURN> to proceed,
or enter new name. (Default extension: cls)

Enter file name: 
! Emergency stop.
<read *> 
         
l.2 \usepackage
               [english]{babel}^^M 
Here is how much of TeX's memory you used:
 24 strings out of 480248
 576 string characters out of 5896178
 283955 words of memory out of 5000000
 18065 multiletter control sequences out of 15000+600000
 469259 words of font info for 28 fonts, out of 8000000 for 9000
 14 hyphenation exceptions out of 8191
 19i,0n,29p,97b,17s stack positions out of 5000i,500n,10000p,200000b,80000s

No pages of output.
